[2020-12-15 16:39:34,238] multiqc                                            [DEBUG  ]  No MultiQC config found: /home/dajana/.local/lib/python3.8/site-packages/multiqc_config.yaml
[2020-12-15 16:39:34,238] multiqc                                            [DEBUG  ]  No MultiQC config found: /home/dajana/.multiqc_config.yaml
[2020-12-15 16:39:34,238] multiqc                                            [DEBUG  ]  No MultiQC config found: multiqc_config.yaml
[2020-12-15 16:39:34,238] multiqc                                            [DEBUG  ]  Command used: /home/dajana/.local/bin/multiqc .
[2020-12-15 16:39:36,399] multiqc                                            [DEBUG  ]  Latest MultiQC version is v1.9
[2020-12-15 16:39:36,399] multiqc                                            [INFO   ]  This is MultiQC v1.9
[2020-12-15 16:39:36,399] multiqc                                            [DEBUG  ]  Command     : /home/dajana/.local/bin/multiqc .
[2020-12-15 16:39:36,399] multiqc                                            [DEBUG  ]  Working dir : /home/dajana/Projects/GATK/Rezultat
[2020-12-15 16:39:36,399] multiqc                                            [INFO   ]  Template    : default
[2020-12-15 16:39:36,399] multiqc                                            [DEBUG  ]  Running Python 3.8.5 (default, Jul 28 2020, 12:59:40)  [GCC 9.3.0]
[2020-12-15 16:39:36,399] multiqc                                            [INFO   ]  Searching   : /home/dajana/Projects/GATK/Rezultat
[2020-12-15 16:39:36,400] multiqc                                            [DEBUG  ]  Analysing modules: custom_content, conpair, peddy, somalier, methylQA, mosdepth, phantompeakqualtools, qualimap, preseq, quast, qorts, rna_seqc, rockhopper, rsem, rseqc, busco, goleft_indexcov, disambiguate, supernova, deeptools, sargasso, verifybamid, mirtrace, happy, mirtop, homer, macs2, theta2, snpeff, gatk, htseq, bcftools, featureCounts, fgbio, dragen, dedup, damageprofiler, biobambam2, mtnucratio, picard, prokka, samblaster, samtools, sexdeterrmine, bamtools, jellyfish, vcftools, longranger, stacks, varscan2, bbmap, bismark, biscuit, hicexplorer, hicup, hicpro, salmon, kallisto, slamdunk, star, hisat2, tophat, bowtie2, bowtie1, snpsplit, kat, leehom, adapterRemoval, clipandmerge, cutadapt, flexbar, kaiju, kraken, malt, trimmomatic, sickle, skewer, sortmerna, biobloomtools, fastq_screen, afterqc, fastp, fastqc, pycoqc, minionqc, multivcfanalyzer, clusterflow, bcl2fastq, interop, ivar, flash, seqyclean
[2020-12-15 16:39:36,400] multiqc                                            [DEBUG  ]  Using temporary directory for creating report: /tmp/tmp51j111bi
[2020-12-15 16:39:36,443] multiqc                                            [DEBUG  ]  Ignoring file as matched an ignore pattern: multiqc_report_2.html
[2020-12-15 16:39:36,443] multiqc                                            [DEBUG  ]  Ignoring file as matched an ignore pattern: fastp.html
[2020-12-15 16:39:36,448] multiqc                                            [DEBUG  ]  Ignoring file as matched an ignore pattern: test_new_dup_dna_trim2.fq
[2020-12-15 16:39:36,448] multiqc                                            [DEBUG  ]  Ignoring file as matched an ignore pattern: test_new_dup_dna_trim1.fq
[2020-12-15 16:39:36,468] multiqc                                            [DEBUG  ]  File ignored by hicexplorer because it exceeded search pattern filesize limit: multiqc_data.json
[2020-12-15 16:39:36,469] multiqc                                            [DEBUG  ]  File ignored by longranger/invocation because it exceeded search pattern filesize limit: multiqc_data.json
[2020-12-15 16:39:36,595] multiqc                                            [DEBUG  ]  File ignored by hicexplorer because it exceeded search pattern filesize limit: multiqc.log
[2020-12-15 16:39:36,596] multiqc                                            [DEBUG  ]  File ignored by longranger/invocation because it exceeded search pattern filesize limit: multiqc.log
[2020-12-15 16:39:36,599] multiqc                                            [DEBUG  ]  Ignoring file as matched an ignore pattern: .bam
[2020-12-15 16:39:36,599] multiqc                                            [DEBUG  ]  Ignoring file as matched an ignore pattern: test_new_dup_dna.bam
[2020-12-15 16:39:36,613] multiqc                                            [DEBUG  ]  File ignored by hicexplorer because it exceeded search pattern filesize limit: moj_index.1.bt2
[2020-12-15 16:39:36,613] multiqc                                            [DEBUG  ]  File ignored by longranger/invocation because it exceeded search pattern filesize limit: moj_index.1.bt2
[2020-12-15 16:39:36,613] multiqc                                            [DEBUG  ]  File ignored by rockhopper because it exceeded search pattern filesize limit: moj_index.1.bt2
[2020-12-15 16:39:36,613] multiqc                                            [DEBUG  ]  File ignored by rseqc/bam_stat because it exceeded search pattern filesize limit: moj_index.1.bt2
[2020-12-15 16:39:36,613] multiqc                                            [DEBUG  ]  File ignored by rseqc/junction_annotation because it exceeded search pattern filesize limit: moj_index.1.bt2
[2020-12-15 16:39:36,613] multiqc                                            [DEBUG  ]  File ignored by rseqc/read_distribution because it exceeded search pattern filesize limit: moj_index.1.bt2
[2020-12-15 16:39:36,613] multiqc                                            [DEBUG  ]  File ignored by rseqc/infer_experiment because it exceeded search pattern filesize limit: moj_index.1.bt2
[2020-12-15 16:39:36,613] multiqc                                            [DEBUG  ]  File ignored by stacks/sumstats because it exceeded search pattern filesize limit: moj_index.1.bt2
[2020-12-15 16:39:36,615] multiqc                                            [DEBUG  ]  File ignored by hicexplorer because it exceeded search pattern filesize limit: moj_index.rev.1.bt2
[2020-12-15 16:39:36,616] multiqc                                            [DEBUG  ]  File ignored by longranger/invocation because it exceeded search pattern filesize limit: moj_index.rev.1.bt2
[2020-12-15 16:39:36,616] multiqc                                            [DEBUG  ]  File ignored by rockhopper because it exceeded search pattern filesize limit: moj_index.rev.1.bt2
[2020-12-15 16:39:36,616] multiqc                                            [DEBUG  ]  File ignored by rseqc/bam_stat because it exceeded search pattern filesize limit: moj_index.rev.1.bt2
[2020-12-15 16:39:36,616] multiqc                                            [DEBUG  ]  File ignored by rseqc/junction_annotation because it exceeded search pattern filesize limit: moj_index.rev.1.bt2
[2020-12-15 16:39:36,616] multiqc                                            [DEBUG  ]  File ignored by rseqc/read_distribution because it exceeded search pattern filesize limit: moj_index.rev.1.bt2
[2020-12-15 16:39:36,616] multiqc                                            [DEBUG  ]  File ignored by rseqc/infer_experiment because it exceeded search pattern filesize limit: moj_index.rev.1.bt2
[2020-12-15 16:39:36,616] multiqc                                            [DEBUG  ]  File ignored by stacks/sumstats because it exceeded search pattern filesize limit: moj_index.rev.1.bt2
[2020-12-15 16:39:36,764] multiqc.plots.bargraph                             [DEBUG  ]  Using matplotlib version 3.3.3
[2020-12-15 16:39:36,764] multiqc.plots.linegraph                            [DEBUG  ]  Using matplotlib version 3.3.3
[2020-12-15 16:39:36,764] multiqc                                            [DEBUG  ]  No samples found: custom_content
[2020-12-15 16:39:36,784] multiqc                                            [DEBUG  ]  No samples found: conpair
[2020-12-15 16:39:36,785] multiqc                                            [DEBUG  ]  No samples found: peddy
[2020-12-15 16:39:36,787] multiqc                                            [DEBUG  ]  No samples found: somalier
[2020-12-15 16:39:36,788] multiqc                                            [DEBUG  ]  No samples found: methylQA
[2020-12-15 16:39:36,790] multiqc                                            [DEBUG  ]  No samples found: mosdepth
[2020-12-15 16:39:36,791] multiqc                                            [DEBUG  ]  No samples found: phantompeakqualtools
[2020-12-15 16:39:36,792] multiqc                                            [DEBUG  ]  No samples found: qualimap
[2020-12-15 16:39:36,793] multiqc                                            [DEBUG  ]  No samples found: preseq
[2020-12-15 16:39:36,795] multiqc                                            [DEBUG  ]  No samples found: quast
[2020-12-15 16:39:36,796] multiqc                                            [DEBUG  ]  No samples found: qorts
[2020-12-15 16:39:36,797] multiqc                                            [DEBUG  ]  No samples found: rna_seqc
[2020-12-15 16:39:36,798] multiqc                                            [DEBUG  ]  No samples found: rockhopper
[2020-12-15 16:39:36,800] multiqc                                            [DEBUG  ]  No samples found: rsem
[2020-12-15 16:39:36,802] multiqc                                            [DEBUG  ]  No samples found: rseqc
[2020-12-15 16:39:36,803] multiqc                                            [DEBUG  ]  No samples found: busco
[2020-12-15 16:39:36,804] multiqc                                            [DEBUG  ]  No samples found: goleft_indexcov
[2020-12-15 16:39:36,805] multiqc                                            [DEBUG  ]  No samples found: disambiguate
[2020-12-15 16:39:36,806] multiqc                                            [DEBUG  ]  No samples found: supernova
[2020-12-15 16:39:36,808] multiqc                                            [DEBUG  ]  No samples found: deeptools
[2020-12-15 16:39:36,810] multiqc                                            [DEBUG  ]  No samples found: sargasso
[2020-12-15 16:39:36,811] multiqc                                            [DEBUG  ]  No samples found: verifybamid
[2020-12-15 16:39:36,812] multiqc                                            [DEBUG  ]  No samples found: mirtrace
[2020-12-15 16:39:36,813] multiqc                                            [DEBUG  ]  No samples found: happy
[2020-12-15 16:39:36,815] multiqc                                            [DEBUG  ]  No samples found: mirtop
[2020-12-15 16:39:36,816] multiqc                                            [DEBUG  ]  No samples found: homer
[2020-12-15 16:39:36,817] multiqc                                            [DEBUG  ]  No samples found: macs2
[2020-12-15 16:39:36,818] multiqc                                            [DEBUG  ]  No samples found: theta2
[2020-12-15 16:39:36,820] multiqc                                            [DEBUG  ]  No samples found: snpeff
[2020-12-15 16:39:36,821] multiqc                                            [DEBUG  ]  No samples found: gatk
[2020-12-15 16:39:36,822] multiqc                                            [DEBUG  ]  No samples found: htseq
[2020-12-15 16:39:36,824] multiqc                                            [DEBUG  ]  No samples found: bcftools
[2020-12-15 16:39:36,825] multiqc                                            [DEBUG  ]  No samples found: featureCounts
[2020-12-15 16:39:36,826] multiqc                                            [DEBUG  ]  No samples found: fgbio
[2020-12-15 16:39:36,829] multiqc                                            [DEBUG  ]  No samples found: dragen
[2020-12-15 16:39:36,830] multiqc                                            [DEBUG  ]  No samples found: dedup
[2020-12-15 16:39:36,831] multiqc                                            [DEBUG  ]  No samples found: damageprofiler
[2020-12-15 16:39:36,836] multiqc                                            [DEBUG  ]  No samples found: biobambam2
[2020-12-15 16:39:36,837] multiqc                                            [DEBUG  ]  No samples found: mtnucratio
[2020-12-15 16:39:36,838] multiqc                                            [DEBUG  ]  No samples found: picard
[2020-12-15 16:39:36,839] multiqc                                            [DEBUG  ]  No samples found: prokka
[2020-12-15 16:39:36,840] multiqc                                            [DEBUG  ]  No samples found: samblaster
[2020-12-15 16:39:36,842] multiqc                                            [DEBUG  ]  No samples found: samtools
[2020-12-15 16:39:36,843] multiqc                                            [DEBUG  ]  No samples found: sexdeterrmine
[2020-12-15 16:39:36,845] multiqc                                            [DEBUG  ]  No samples found: bamtools
[2020-12-15 16:39:36,846] multiqc                                            [DEBUG  ]  No samples found: jellyfish
[2020-12-15 16:39:36,848] multiqc                                            [DEBUG  ]  No samples found: vcftools
[2020-12-15 16:39:36,849] multiqc                                            [DEBUG  ]  No samples found: longranger
[2020-12-15 16:39:36,850] multiqc                                            [DEBUG  ]  No samples found: stacks
[2020-12-15 16:39:36,852] multiqc                                            [DEBUG  ]  No samples found: varscan2
[2020-12-15 16:39:36,854] multiqc                                            [DEBUG  ]  No samples found: bbmap
[2020-12-15 16:39:36,856] multiqc                                            [DEBUG  ]  No samples found: bismark
[2020-12-15 16:39:36,857] multiqc                                            [DEBUG  ]  No samples found: biscuit
[2020-12-15 16:39:36,858] multiqc                                            [DEBUG  ]  No samples found: hicexplorer
[2020-12-15 16:39:36,860] multiqc                                            [DEBUG  ]  No samples found: hicup
[2020-12-15 16:39:36,861] multiqc                                            [DEBUG  ]  No samples found: hicpro
[2020-12-15 16:39:36,862] multiqc                                            [DEBUG  ]  No samples found: salmon
[2020-12-15 16:39:36,863] multiqc                                            [DEBUG  ]  No samples found: kallisto
[2020-12-15 16:39:36,865] multiqc                                            [DEBUG  ]  No samples found: slamdunk
[2020-12-15 16:39:36,866] multiqc                                            [DEBUG  ]  No samples found: star
[2020-12-15 16:39:36,867] multiqc                                            [DEBUG  ]  No samples found: hisat2
[2020-12-15 16:39:36,868] multiqc                                            [DEBUG  ]  No samples found: tophat
[2020-12-15 16:39:36,871] multiqc.modules.bowtie2.bowtie2                    [INFO   ]  Found 1 reports
[2020-12-15 16:39:36,878] multiqc                                            [DEBUG  ]  No samples found: bowtie1
[2020-12-15 16:39:36,880] multiqc                                            [DEBUG  ]  No samples found: snpsplit
[2020-12-15 16:39:36,881] multiqc                                            [DEBUG  ]  No samples found: kat
[2020-12-15 16:39:36,884] multiqc                                            [DEBUG  ]  No samples found: leehom
[2020-12-15 16:39:36,886] multiqc                                            [DEBUG  ]  No samples found: adapterRemoval
[2020-12-15 16:39:36,888] multiqc                                            [DEBUG  ]  No samples found: clipandmerge
[2020-12-15 16:39:36,889] multiqc                                            [DEBUG  ]  No samples found: cutadapt
[2020-12-15 16:39:36,890] multiqc                                            [DEBUG  ]  No samples found: flexbar
[2020-12-15 16:39:36,891] multiqc                                            [DEBUG  ]  No samples found: kaiju
[2020-12-15 16:39:36,893] multiqc                                            [DEBUG  ]  No samples found: kraken
[2020-12-15 16:39:36,894] multiqc                                            [DEBUG  ]  No samples found: malt
[2020-12-15 16:39:36,896] multiqc                                            [DEBUG  ]  No samples found: trimmomatic
[2020-12-15 16:39:36,897] multiqc                                            [DEBUG  ]  No samples found: sickle
[2020-12-15 16:39:36,899] multiqc                                            [DEBUG  ]  No samples found: skewer
[2020-12-15 16:39:36,900] multiqc                                            [DEBUG  ]  No samples found: sortmerna
[2020-12-15 16:39:36,901] multiqc                                            [DEBUG  ]  No samples found: biobloomtools
[2020-12-15 16:39:36,902] multiqc                                            [DEBUG  ]  No samples found: fastq_screen
[2020-12-15 16:39:36,903] multiqc                                            [DEBUG  ]  No samples found: afterqc
[2020-12-15 16:39:36,906] multiqc.modules.fastp.fastp                        [DEBUG  ]  No insert size plot data: fastp.json
[2020-12-15 16:39:36,906] multiqc.modules.fastp.fastp                        [INFO   ]  Found 1 reports
[2020-12-15 16:39:36,911] multiqc                                            [DEBUG  ]  No samples found: fastqc
[2020-12-15 16:39:36,913] multiqc                                            [DEBUG  ]  No samples found: pycoqc
[2020-12-15 16:39:36,915] multiqc                                            [DEBUG  ]  No samples found: minionqc
[2020-12-15 16:39:36,916] multiqc                                            [DEBUG  ]  No samples found: multivcfanalyzer
[2020-12-15 16:39:36,919] multiqc                                            [DEBUG  ]  No samples found: clusterflow
[2020-12-15 16:39:36,921] multiqc                                            [DEBUG  ]  No samples found: bcl2fastq
[2020-12-15 16:39:36,923] multiqc                                            [DEBUG  ]  No samples found: interop
[2020-12-15 16:39:36,925] multiqc                                            [DEBUG  ]  No samples found: ivar
[2020-12-15 16:39:36,926] multiqc                                            [DEBUG  ]  No samples found: flash
[2020-12-15 16:39:36,927] multiqc                                            [DEBUG  ]  No samples found: seqyclean
[2020-12-15 16:39:36,930] multiqc                                            [INFO   ]  Compressing plot data
[2020-12-15 16:39:36,959] multiqc                                            [INFO   ]  Report      : multiqc_report.html
[2020-12-15 16:39:36,959] multiqc                                            [INFO   ]  Data        : multiqc_data
[2020-12-15 16:39:36,959] multiqc                                            [DEBUG  ]  Moving data file from '/tmp/tmp51j111bi/multiqc_data' to '/home/dajana/Projects/GATK/Rezultat/multiqc_data'
[2020-12-15 16:39:37,024] multiqc                                            [INFO   ]  MultiQC complete
